<?xml version="1.0" encoding="UTF-8"?>
<testng-results skipped="2" failed="1" ignored="0" total="6" passed="3">
  <reporter-output>
    <line>
      <![CDATA[Test started Running:customerLogin]]>
    </line>
    <line>
      <![CDATA[Test is success:customerLogin]]>
    </line>
    <line>
      <![CDATA[<a href='C:\Users\Ravi Kanth\git\selenium\AutomationPractice\src\main\java\com\automation\AutomationPractice\success_screenshots\customerLogin_20_05_2018_06_33_13.png'> <img src='C:\Users\Ravi Kanth\git\selenium\AutomationPractice\src\main\java\com\automation\AutomationPractice\success_screenshots\customerLogin_20_05_2018_06_33_13.png' height='100' width='100'/> </a>]]>
    </line>
    <line>
      <![CDATA[Test started Running:purchaseTwoItems]]>
    </line>
    <line>
      <![CDATA[Test is success:purchaseTwoItems]]>
    </line>
    <line>
      <![CDATA[<a href='C:\Users\Ravi Kanth\git\selenium\AutomationPractice\src\main\java\com\automation\AutomationPractice\success_screenshots\purchaseTwoItems_20_05_2018_06_33_44.png'> <img src='C:\Users\Ravi Kanth\git\selenium\AutomationPractice\src\main\java\com\automation\AutomationPractice\success_screenshots\purchaseTwoItems_20_05_2018_06_33_44.png' height='100' width='100'/> </a>]]>
    </line>
    <line>
      <![CDATA[Test started Running:customerLogin]]>
    </line>
    <line>
      <![CDATA[Test is success:customerLogin]]>
    </line>
    <line>
      <![CDATA[<a href='C:\Users\Ravi Kanth\git\selenium\AutomationPractice\src\main\java\com\automation\AutomationPractice\success_screenshots\customerLogin_20_05_2018_06_34_10.png'> <img src='C:\Users\Ravi Kanth\git\selenium\AutomationPractice\src\main\java\com\automation\AutomationPractice\success_screenshots\customerLogin_20_05_2018_06_34_10.png' height='100' width='100'/> </a>]]>
    </line>
    <line>
      <![CDATA[Test started Running:previousOrdersList]]>
    </line>
    <line>
      <![CDATA[Retrying test previousOrdersList with status FAILURE for the 1 time(s).]]>
    </line>
    <line>
      <![CDATA[Test is skipped:previousOrdersList]]>
    </line>
    <line>
      <![CDATA[Test started Running:previousOrdersList]]>
    </line>
    <line>
      <![CDATA[Retrying test previousOrdersList with status FAILURE for the 2 time(s).]]>
    </line>
    <line>
      <![CDATA[Test is skipped:previousOrdersList]]>
    </line>
    <line>
      <![CDATA[Test started Running:previousOrdersList]]>
    </line>
    <line>
      <![CDATA[<a href='C:\Users\Ravi Kanth\git\selenium\AutomationPractice\src\main\java\com\automation\AutomationPractice\failure_screenshots\previousOrdersList_20_05_2018_06_34_26.png'> <img src='C:\Users\Ravi Kanth\git\selenium\AutomationPractice\src\main\java\com\automation\AutomationPractice\failure_screenshots\previousOrdersList_20_05_2018_06_34_26.png' height='100' width='100'/> </a>]]>
    </line>
  </reporter-output>
  <suite name="RegressionSuite" duration-ms="101049" started-at="2018-05-20T13:02:47Z" finished-at="2018-05-20T13:04:28Z">
    <groups>
    </groups>
    <test name="Purchase" duration-ms="58781" started-at="2018-05-20T13:02:47Z" finished-at="2018-05-20T13:03:46Z">
      <class name="com.automation.AutomationPractice.TC001_PurchaseTwoItems">
        <test-method status="PASS" signature="startReport()[pri:0, instance:com.automation.AutomationPractice.TC001_PurchaseTwoItems@cb0ed20]" name="startReport" is-config="true" duration-ms="431" started-at="2018-05-20T18:32:47Z" finished-at="2018-05-20T18:32:47Z">
          <reporter-output>
          </reporter-output>
        </test-method> <!-- startReport -->
        <test-method status="PASS" signature="startProcess(java.lang.String)[pri:0, instance:com.automation.AutomationPractice.TC001_PurchaseTwoItems@cb0ed20]" name="startProcess" is-config="true" duration-ms="16973" started-at="2018-05-20T18:32:47Z" finished-at="2018-05-20T18:33:04Z">
          <params>
            <param index="0">
              <value>
                <![CDATA[chrome]]>
              </value>
            </param>
          </params>
          <reporter-output>
          </reporter-output>
        </test-method> <!-- startProcess -->
        <test-method status="PASS" signature="customerLogin()[pri:0, instance:com.automation.AutomationPractice.TC001_PurchaseTwoItems@cb0ed20]" name="customerLogin" duration-ms="8256" started-at="2018-05-20T18:33:04Z" finished-at="2018-05-20T18:33:13Z">
          <reporter-output>
            <line>
              <![CDATA[Test started Running:customerLogin]]>
            </line>
            <line>
              <![CDATA[Test is success:customerLogin]]>
            </line>
            <line>
              <![CDATA[<a href='C:\Users\Ravi Kanth\git\selenium\AutomationPractice\src\main\java\com\automation\AutomationPractice\success_screenshots\customerLogin_20_05_2018_06_33_13.png'> <img src='C:\Users\Ravi Kanth\git\selenium\AutomationPractice\src\main\java\com\automation\AutomationPractice\success_screenshots\customerLogin_20_05_2018_06_33_13.png' height='100' width='100'/> </a>]]>
            </line>
          </reporter-output>
        </test-method> <!-- customerLogin -->
        <test-method status="PASS" signature="tearDown(org.testng.ITestResult)[pri:0, instance:com.automation.AutomationPractice.TC001_PurchaseTwoItems@cb0ed20]" name="tearDown" is-config="true" duration-ms="2" started-at="2018-05-20T18:33:14Z" finished-at="2018-05-20T18:33:14Z">
          <params>
            <param index="0">
              <value>
                <![CDATA[[TestResult name=customerLogin status=SUCCESS method=TC001_PurchaseTwoItems.customerLogin()[pri:0, instance:com.automation.AutomationPractice.TC001_PurchaseTwoItems@cb0ed20] output=Test started Running:customerLogin]]]>
              </value>
            </param>
          </params>
          <reporter-output>
          </reporter-output>
        </test-method> <!-- tearDown -->
        <test-method status="PASS" signature="purchaseTwoItems()[pri:0, instance:com.automation.AutomationPractice.TC001_PurchaseTwoItems@cb0ed20]" name="purchaseTwoItems" duration-ms="30469" started-at="2018-05-20T18:33:14Z" depends-on-methods="com.automation.AutomationPractice.TC001_PurchaseTwoItems.customerLogin" finished-at="2018-05-20T18:33:44Z">
          <reporter-output>
            <line>
              <![CDATA[Test started Running:purchaseTwoItems]]>
            </line>
            <line>
              <![CDATA[Test is success:purchaseTwoItems]]>
            </line>
            <line>
              <![CDATA[<a href='C:\Users\Ravi Kanth\git\selenium\AutomationPractice\src\main\java\com\automation\AutomationPractice\success_screenshots\purchaseTwoItems_20_05_2018_06_33_44.png'> <img src='C:\Users\Ravi Kanth\git\selenium\AutomationPractice\src\main\java\com\automation\AutomationPractice\success_screenshots\purchaseTwoItems_20_05_2018_06_33_44.png' height='100' width='100'/> </a>]]>
            </line>
          </reporter-output>
        </test-method> <!-- purchaseTwoItems -->
        <test-method status="PASS" signature="tearDown(org.testng.ITestResult)[pri:0, instance:com.automation.AutomationPractice.TC001_PurchaseTwoItems@cb0ed20]" name="tearDown" is-config="true" duration-ms="0" started-at="2018-05-20T18:33:44Z" finished-at="2018-05-20T18:33:44Z">
          <params>
            <param index="0">
              <value>
                <![CDATA[[TestResult name=purchaseTwoItems status=SUCCESS method=TC001_PurchaseTwoItems.purchaseTwoItems()[pri:0, instance:com.automation.AutomationPractice.TC001_PurchaseTwoItems@cb0ed20] output=Test started Running:purchaseTwoItems]]]>
              </value>
            </param>
          </params>
          <reporter-output>
          </reporter-output>
        </test-method> <!-- tearDown -->
        <test-method status="PASS" signature="endProcess()[pri:0, instance:com.automation.AutomationPractice.TC001_PurchaseTwoItems@cb0ed20]" name="endProcess" is-config="true" duration-ms="526" started-at="2018-05-20T18:33:44Z" finished-at="2018-05-20T18:33:45Z">
          <reporter-output>
          </reporter-output>
        </test-method> <!-- endProcess -->
        <test-method status="PASS" signature="endReport()[pri:0, instance:com.automation.AutomationPractice.TC001_PurchaseTwoItems@cb0ed20]" name="endReport" is-config="true" duration-ms="775" started-at="2018-05-20T18:33:45Z" finished-at="2018-05-20T18:33:46Z">
          <reporter-output>
          </reporter-output>
        </test-method> <!-- endReport -->
      </class> <!-- com.automation.AutomationPractice.TC001_PurchaseTwoItems -->
    </test> <!-- Purchase -->
    <test name="Previous" duration-ms="42083" started-at="2018-05-20T13:03:46Z" finished-at="2018-05-20T13:04:28Z">
      <class name="com.automation.AutomationPractice.TC002_PreviousOrders">
        <test-method status="PASS" signature="startReport()[pri:0, instance:com.automation.AutomationPractice.TC002_PreviousOrders@43a0cee9]" name="startReport" is-config="true" duration-ms="10" started-at="2018-05-20T18:33:46Z" finished-at="2018-05-20T18:33:46Z">
          <reporter-output>
          </reporter-output>
        </test-method> <!-- startReport -->
        <test-method status="PASS" signature="startProcess(java.lang.String)[pri:0, instance:com.automation.AutomationPractice.TC002_PreviousOrders@43a0cee9]" name="startProcess" is-config="true" duration-ms="16218" started-at="2018-05-20T18:33:46Z" finished-at="2018-05-20T18:34:02Z">
          <params>
            <param index="0">
              <value>
                <![CDATA[chrome]]>
              </value>
            </param>
          </params>
          <reporter-output>
          </reporter-output>
        </test-method> <!-- startProcess -->
        <test-method status="PASS" signature="customerLogin()[pri:0, instance:com.automation.AutomationPractice.TC002_PreviousOrders@43a0cee9]" name="customerLogin" duration-ms="7493" started-at="2018-05-20T18:34:02Z" finished-at="2018-05-20T18:34:10Z">
          <reporter-output>
            <line>
              <![CDATA[Test started Running:customerLogin]]>
            </line>
            <line>
              <![CDATA[Test is success:customerLogin]]>
            </line>
            <line>
              <![CDATA[<a href='C:\Users\Ravi Kanth\git\selenium\AutomationPractice\src\main\java\com\automation\AutomationPractice\success_screenshots\customerLogin_20_05_2018_06_34_10.png'> <img src='C:\Users\Ravi Kanth\git\selenium\AutomationPractice\src\main\java\com\automation\AutomationPractice\success_screenshots\customerLogin_20_05_2018_06_34_10.png' height='100' width='100'/> </a>]]>
            </line>
          </reporter-output>
        </test-method> <!-- customerLogin -->
        <test-method status="PASS" signature="tearDown(org.testng.ITestResult)[pri:0, instance:com.automation.AutomationPractice.TC002_PreviousOrders@43a0cee9]" name="tearDown" is-config="true" duration-ms="2" started-at="2018-05-20T18:34:10Z" finished-at="2018-05-20T18:34:10Z">
          <params>
            <param index="0">
              <value>
                <![CDATA[[TestResult name=customerLogin status=SUCCESS method=TC002_PreviousOrders.customerLogin()[pri:0, instance:com.automation.AutomationPractice.TC002_PreviousOrders@43a0cee9] output=Test started Running:customerLogin]]]>
              </value>
            </param>
          </params>
          <reporter-output>
          </reporter-output>
        </test-method> <!-- tearDown -->
        <test-method status="SKIP" signature="previousOrdersList()[pri:0, instance:com.automation.AutomationPractice.TC002_PreviousOrders@43a0cee9]" name="previousOrdersList" duration-ms="4781" started-at="2018-05-20T18:34:10Z" depends-on-methods="com.automation.AutomationPractice.TC002_PreviousOrders.customerLogin" finished-at="2018-05-20T18:34:15Z">
          <exception class="org.openqa.selenium.NoSuchElementException">
            <message>
              <![CDATA[no such element: Unable to locate element: {"method":"xpath","selector":"//*[@id='order-detail-content']/table/tbody/tr[1]/td[2]/label"}  (Session info: chrome=66.0.3359.181)  (Driver info: chromedriver=2.38.552522 (437e6fbedfa8762dec75e2c5b3ddb86763dc9dcb),platform=Windows NT 10.0.16299 x86_64) (WARNING: The server did not provide any stacktrace information)Command duration or timeout: 56 millisecondsFor documentation on this error, please visit: http://seleniumhq.org/exceptions/no_such_element.htmlBuild info: version: '2.53.1', revision: 'a36b8b1cd5757287168e54b817830adce9b0158d', time: '2016-06-30 19:26:09'System info: host: 'DESKTOP-2PVPGVB', ip: '192.168.37.1', os.name: 'Windows 10', os.arch: 'amd64', os.version: '10.0', java.version: '1.8.0_162'Driver info: org.openqa.selenium.chrome.ChromeDriverCapabilities [{applicationCacheEnabled=false, rotatable=false, mobileEmulationEnabled=false, networkConnectionEnabled=false, chrome={chromedriverVersion=2.38.552522 (437e6fbedfa8762dec75e2c5b3ddb86763dc9dcb), userDataDir=C:\Users\RAVIKA~1\AppData\Local\Temp\scoped_dir14620_22483}, takesHeapSnapshot=true, pageLoadStrategy=normal, databaseEnabled=false, handlesAlerts=true, hasTouchScreen=false, version=66.0.3359.181, platform=XP, browserConnectionEnabled=false, nativeEvents=true, acceptSslCerts=false, acceptInsecureCerts=false, locationContextEnabled=true, webStorageEnabled=true, browserName=chrome, takesScreenshot=true, javascriptEnabled=true, cssSelectorsEnabled=true, setWindowRect=true, unexpectedAlertBehaviour=}]Session ID: f7c89b6ce75d76272fd8d395c136612a*** Element info: {Using=xpath, value=//*[@id='order-detail-content']/table/tbody/tr[1]/td[2]/label}]]>
            </message>
            <full-stacktrace>
              <![CDATA[org.openqa.selenium.NoSuchElementException: no such element: Unable to locate element: {"method":"xpath","selector":"//*[@id='order-detail-content']/table/tbody/tr[1]/td[2]/label"}  (Session info: chrome=66.0.3359.181)  (Driver info: chromedriver=2.38.552522 (437e6fbedfa8762dec75e2c5b3ddb86763dc9dcb),platform=Windows NT 10.0.16299 x86_64) (WARNING: The server did not provide any stacktrace information)Command duration or timeout: 56 millisecondsFor documentation on this error, please visit: http://seleniumhq.org/exceptions/no_such_element.htmlBuild info: version: '2.53.1', revision: 'a36b8b1cd5757287168e54b817830adce9b0158d', time: '2016-06-30 19:26:09'System info: host: 'DESKTOP-2PVPGVB', ip: '192.168.37.1', os.name: 'Windows 10', os.arch: 'amd64', os.version: '10.0', java.version: '1.8.0_162'Driver info: org.openqa.selenium.chrome.ChromeDriverCapabilities [{applicationCacheEnabled=false, rotatable=false, mobileEmulationEnabled=false, networkConnectionEnabled=false, chrome={chromedriverVersion=2.38.552522 (437e6fbedfa8762dec75e2c5b3ddb86763dc9dcb), userDataDir=C:\Users\RAVIKA~1\AppData\Local\Temp\scoped_dir14620_22483}, takesHeapSnapshot=true, pageLoadStrategy=normal, databaseEnabled=false, handlesAlerts=true, hasTouchScreen=false, version=66.0.3359.181, platform=XP, browserConnectionEnabled=false, nativeEvents=true, acceptSslCerts=false, acceptInsecureCerts=false, locationContextEnabled=true, webStorageEnabled=true, browserName=chrome, takesScreenshot=true, javascriptEnabled=true, cssSelectorsEnabled=true, setWindowRect=true, unexpectedAlertBehaviour=}]Session ID: f7c89b6ce75d76272fd8d395c136612a*** Element info: {Using=xpath, value=//*[@id='order-detail-content']/table/tbody/tr[1]/td[2]/label}at sun.reflect.NativeConstructorAccessorImpl.newInstance0(Native Method)at sun.reflect.NativeConstructorAccessorImpl.newInstance(NativeConstructorAccessorImpl.java:62)at sun.reflect.DelegatingConstructorAccessorImpl.newInstance(DelegatingConstructorAccessorImpl.java:45)at java.lang.reflect.Constructor.newInstance(Constructor.java:423)at org.openqa.selenium.remote.ErrorHandler.createThrowable(ErrorHandler.java:206)at org.openqa.selenium.remote.ErrorHandler.throwIfResponseFailed(ErrorHandler.java:158)at org.openqa.selenium.remote.RemoteWebDriver.execute(RemoteWebDriver.java:678)at org.openqa.selenium.remote.RemoteWebDriver.findElement(RemoteWebDriver.java:363)at org.openqa.selenium.remote.RemoteWebDriver.findElementByXPath(RemoteWebDriver.java:500)at org.openqa.selenium.By$ByXPath.findElement(By.java:361)at org.openqa.selenium.remote.RemoteWebDriver.findElement(RemoteWebDriver.java:355)at com.automation.AutomationPractice.TC002_PreviousOrders.previousOrdersList(TC002_PreviousOrders.java:60)at sun.reflect.NativeMethodAccessorImpl.invoke0(Native Method)at sun.reflect.NativeMethodAccessorImpl.invoke(NativeMethodAccessorImpl.java:62)at sun.reflect.DelegatingMethodAccessorImpl.invoke(DelegatingMethodAccessorImpl.java:43)at java.lang.reflect.Method.invoke(Method.java:498)at org.testng.internal.MethodInvocationHelper.invokeMethod(MethodInvocationHelper.java:124)at org.testng.internal.Invoker.invokeMethod(Invoker.java:571)at org.testng.internal.Invoker.invokeTestMethod(Invoker.java:707)at org.testng.internal.Invoker.invokeTestMethods(Invoker.java:979)at org.testng.internal.TestMethodWorker.invokeTestMethods(TestMethodWorker.java:125)at org.testng.internal.TestMethodWorker.run(TestMethodWorker.java:109)at org.testng.TestRunner.privateRun(TestRunner.java:648)at org.testng.TestRunner.run(TestRunner.java:505)at org.testng.SuiteRunner.runTest(SuiteRunner.java:455)at org.testng.SuiteRunner.runSequentially(SuiteRunner.java:450)at org.testng.SuiteRunner.privateRun(SuiteRunner.java:415)at org.testng.SuiteRunner.run(SuiteRunner.java:364)at org.testng.SuiteRunnerWorker.runSuite(SuiteRunnerWorker.java:52)at org.testng.SuiteRunnerWorker.run(SuiteRunnerWorker.java:84)at org.testng.TestNG.runSuitesSequentially(TestNG.java:1187)at org.testng.TestNG.runSuitesLocally(TestNG.java:1116)at org.testng.TestNG.runSuites(TestNG.java:1028)at org.testng.TestNG.run(TestNG.java:996)at org.testng.remote.AbstractRemoteTestNG.run(AbstractRemoteTestNG.java:114)at org.testng.remote.RemoteTestNG.initAndRun(RemoteTestNG.java:251)at org.testng.remote.RemoteTestNG.main(RemoteTestNG.java:77)]]>
            </full-stacktrace>
          </exception> <!-- org.openqa.selenium.NoSuchElementException -->
          <reporter-output>
            <line>
              <![CDATA[Test started Running:previousOrdersList]]>
            </line>
            <line>
              <![CDATA[Retrying test previousOrdersList with status FAILURE for the 1 time(s).]]>
            </line>
            <line>
              <![CDATA[Test is skipped:previousOrdersList]]>
            </line>
          </reporter-output>
        </test-method> <!-- previousOrdersList -->
        <test-method status="PASS" signature="tearDown(org.testng.ITestResult)[pri:0, instance:com.automation.AutomationPractice.TC002_PreviousOrders@43a0cee9]" name="tearDown" is-config="true" duration-ms="4" started-at="2018-05-20T18:34:15Z" finished-at="2018-05-20T18:34:15Z">
          <params>
            <param index="0">
              <value>
                <![CDATA[[TestResult name=previousOrdersList status=SKIP method=TC002_PreviousOrders.previousOrdersList()[pri:0, instance:com.automation.AutomationPractice.TC002_PreviousOrders@43a0cee9] output=Test started Running:previousOrdersList]]]>
              </value>
            </param>
          </params>
          <reporter-output>
          </reporter-output>
        </test-method> <!-- tearDown -->
        <test-method status="SKIP" signature="previousOrdersList()[pri:0, instance:com.automation.AutomationPractice.TC002_PreviousOrders@43a0cee9]" name="previousOrdersList" duration-ms="5768" started-at="2018-05-20T18:34:15Z" depends-on-methods="com.automation.AutomationPractice.TC002_PreviousOrders.customerLogin" finished-at="2018-05-20T18:34:21Z">
          <exception class="org.openqa.selenium.NoSuchElementException">
            <message>
              <![CDATA[no such element: Unable to locate element: {"method":"xpath","selector":"//*[@id='order-detail-content']/table/tbody/tr[1]/td[2]/label"}  (Session info: chrome=66.0.3359.181)  (Driver info: chromedriver=2.38.552522 (437e6fbedfa8762dec75e2c5b3ddb86763dc9dcb),platform=Windows NT 10.0.16299 x86_64) (WARNING: The server did not provide any stacktrace information)Command duration or timeout: 14 millisecondsFor documentation on this error, please visit: http://seleniumhq.org/exceptions/no_such_element.htmlBuild info: version: '2.53.1', revision: 'a36b8b1cd5757287168e54b817830adce9b0158d', time: '2016-06-30 19:26:09'System info: host: 'DESKTOP-2PVPGVB', ip: '192.168.37.1', os.name: 'Windows 10', os.arch: 'amd64', os.version: '10.0', java.version: '1.8.0_162'Driver info: org.openqa.selenium.chrome.ChromeDriverCapabilities [{applicationCacheEnabled=false, rotatable=false, mobileEmulationEnabled=false, networkConnectionEnabled=false, chrome={chromedriverVersion=2.38.552522 (437e6fbedfa8762dec75e2c5b3ddb86763dc9dcb), userDataDir=C:\Users\RAVIKA~1\AppData\Local\Temp\scoped_dir14620_22483}, takesHeapSnapshot=true, pageLoadStrategy=normal, databaseEnabled=false, handlesAlerts=true, hasTouchScreen=false, version=66.0.3359.181, platform=XP, browserConnectionEnabled=false, nativeEvents=true, acceptSslCerts=false, acceptInsecureCerts=false, locationContextEnabled=true, webStorageEnabled=true, browserName=chrome, takesScreenshot=true, javascriptEnabled=true, cssSelectorsEnabled=true, setWindowRect=true, unexpectedAlertBehaviour=}]Session ID: f7c89b6ce75d76272fd8d395c136612a*** Element info: {Using=xpath, value=//*[@id='order-detail-content']/table/tbody/tr[1]/td[2]/label}]]>
            </message>
            <full-stacktrace>
              <![CDATA[org.openqa.selenium.NoSuchElementException: no such element: Unable to locate element: {"method":"xpath","selector":"//*[@id='order-detail-content']/table/tbody/tr[1]/td[2]/label"}  (Session info: chrome=66.0.3359.181)  (Driver info: chromedriver=2.38.552522 (437e6fbedfa8762dec75e2c5b3ddb86763dc9dcb),platform=Windows NT 10.0.16299 x86_64) (WARNING: The server did not provide any stacktrace information)Command duration or timeout: 14 millisecondsFor documentation on this error, please visit: http://seleniumhq.org/exceptions/no_such_element.htmlBuild info: version: '2.53.1', revision: 'a36b8b1cd5757287168e54b817830adce9b0158d', time: '2016-06-30 19:26:09'System info: host: 'DESKTOP-2PVPGVB', ip: '192.168.37.1', os.name: 'Windows 10', os.arch: 'amd64', os.version: '10.0', java.version: '1.8.0_162'Driver info: org.openqa.selenium.chrome.ChromeDriverCapabilities [{applicationCacheEnabled=false, rotatable=false, mobileEmulationEnabled=false, networkConnectionEnabled=false, chrome={chromedriverVersion=2.38.552522 (437e6fbedfa8762dec75e2c5b3ddb86763dc9dcb), userDataDir=C:\Users\RAVIKA~1\AppData\Local\Temp\scoped_dir14620_22483}, takesHeapSnapshot=true, pageLoadStrategy=normal, databaseEnabled=false, handlesAlerts=true, hasTouchScreen=false, version=66.0.3359.181, platform=XP, browserConnectionEnabled=false, nativeEvents=true, acceptSslCerts=false, acceptInsecureCerts=false, locationContextEnabled=true, webStorageEnabled=true, browserName=chrome, takesScreenshot=true, javascriptEnabled=true, cssSelectorsEnabled=true, setWindowRect=true, unexpectedAlertBehaviour=}]Session ID: f7c89b6ce75d76272fd8d395c136612a*** Element info: {Using=xpath, value=//*[@id='order-detail-content']/table/tbody/tr[1]/td[2]/label}at sun.reflect.NativeConstructorAccessorImpl.newInstance0(Native Method)at sun.reflect.NativeConstructorAccessorImpl.newInstance(NativeConstructorAccessorImpl.java:62)at sun.reflect.DelegatingConstructorAccessorImpl.newInstance(DelegatingConstructorAccessorImpl.java:45)at java.lang.reflect.Constructor.newInstance(Constructor.java:423)at org.openqa.selenium.remote.ErrorHandler.createThrowable(ErrorHandler.java:206)at org.openqa.selenium.remote.ErrorHandler.throwIfResponseFailed(ErrorHandler.java:158)at org.openqa.selenium.remote.RemoteWebDriver.execute(RemoteWebDriver.java:678)at org.openqa.selenium.remote.RemoteWebDriver.findElement(RemoteWebDriver.java:363)at org.openqa.selenium.remote.RemoteWebDriver.findElementByXPath(RemoteWebDriver.java:500)at org.openqa.selenium.By$ByXPath.findElement(By.java:361)at org.openqa.selenium.remote.RemoteWebDriver.findElement(RemoteWebDriver.java:355)at com.automation.AutomationPractice.TC002_PreviousOrders.previousOrdersList(TC002_PreviousOrders.java:60)at sun.reflect.NativeMethodAccessorImpl.invoke0(Native Method)at sun.reflect.NativeMethodAccessorImpl.invoke(NativeMethodAccessorImpl.java:62)at sun.reflect.DelegatingMethodAccessorImpl.invoke(DelegatingMethodAccessorImpl.java:43)at java.lang.reflect.Method.invoke(Method.java:498)at org.testng.internal.MethodInvocationHelper.invokeMethod(MethodInvocationHelper.java:124)at org.testng.internal.Invoker.invokeMethod(Invoker.java:571)at org.testng.internal.Invoker.retryFailed(Invoker.java:829)at org.testng.internal.Invoker.invokeTestMethods(Invoker.java:1000)at org.testng.internal.TestMethodWorker.invokeTestMethods(TestMethodWorker.java:125)at org.testng.internal.TestMethodWorker.run(TestMethodWorker.java:109)at org.testng.TestRunner.privateRun(TestRunner.java:648)at org.testng.TestRunner.run(TestRunner.java:505)at org.testng.SuiteRunner.runTest(SuiteRunner.java:455)at org.testng.SuiteRunner.runSequentially(SuiteRunner.java:450)at org.testng.SuiteRunner.privateRun(SuiteRunner.java:415)at org.testng.SuiteRunner.run(SuiteRunner.java:364)at org.testng.SuiteRunnerWorker.runSuite(SuiteRunnerWorker.java:52)at org.testng.SuiteRunnerWorker.run(SuiteRunnerWorker.java:84)at org.testng.TestNG.runSuitesSequentially(TestNG.java:1187)at org.testng.TestNG.runSuitesLocally(TestNG.java:1116)at org.testng.TestNG.runSuites(TestNG.java:1028)at org.testng.TestNG.run(TestNG.java:996)at org.testng.remote.AbstractRemoteTestNG.run(AbstractRemoteTestNG.java:114)at org.testng.remote.RemoteTestNG.initAndRun(RemoteTestNG.java:251)at org.testng.remote.RemoteTestNG.main(RemoteTestNG.java:77)]]>
            </full-stacktrace>
          </exception> <!-- org.openqa.selenium.NoSuchElementException -->
          <reporter-output>
            <line>
              <![CDATA[Test started Running:previousOrdersList]]>
            </line>
            <line>
              <![CDATA[Retrying test previousOrdersList with status FAILURE for the 2 time(s).]]>
            </line>
            <line>
              <![CDATA[Test is skipped:previousOrdersList]]>
            </line>
          </reporter-output>
        </test-method> <!-- previousOrdersList -->
        <test-method status="PASS" signature="tearDown(org.testng.ITestResult)[pri:0, instance:com.automation.AutomationPractice.TC002_PreviousOrders@43a0cee9]" name="tearDown" is-config="true" duration-ms="0" started-at="2018-05-20T18:34:21Z" finished-at="2018-05-20T18:34:21Z">
          <params>
            <param index="0">
              <value>
                <![CDATA[[TestResult name=previousOrdersList status=SKIP method=TC002_PreviousOrders.previousOrdersList()[pri:0, instance:com.automation.AutomationPractice.TC002_PreviousOrders@43a0cee9] output=Test started Running:previousOrdersList]]]>
              </value>
            </param>
          </params>
          <reporter-output>
          </reporter-output>
        </test-method> <!-- tearDown -->
        <test-method status="FAIL" signature="previousOrdersList()[pri:0, instance:com.automation.AutomationPractice.TC002_PreviousOrders@43a0cee9]" name="previousOrdersList" duration-ms="5449" started-at="2018-05-20T18:34:21Z" depends-on-methods="com.automation.AutomationPractice.TC002_PreviousOrders.customerLogin" finished-at="2018-05-20T18:34:26Z">
          <exception class="org.openqa.selenium.NoSuchElementException">
            <message>
              <![CDATA[no such element: Unable to locate element: {"method":"xpath","selector":"//*[@id='order-detail-content']/table/tbody/tr[1]/td[2]/label"}  (Session info: chrome=66.0.3359.181)  (Driver info: chromedriver=2.38.552522 (437e6fbedfa8762dec75e2c5b3ddb86763dc9dcb),platform=Windows NT 10.0.16299 x86_64) (WARNING: The server did not provide any stacktrace information)Command duration or timeout: 19 millisecondsFor documentation on this error, please visit: http://seleniumhq.org/exceptions/no_such_element.htmlBuild info: version: '2.53.1', revision: 'a36b8b1cd5757287168e54b817830adce9b0158d', time: '2016-06-30 19:26:09'System info: host: 'DESKTOP-2PVPGVB', ip: '192.168.37.1', os.name: 'Windows 10', os.arch: 'amd64', os.version: '10.0', java.version: '1.8.0_162'Driver info: org.openqa.selenium.chrome.ChromeDriverCapabilities [{applicationCacheEnabled=false, rotatable=false, mobileEmulationEnabled=false, networkConnectionEnabled=false, chrome={chromedriverVersion=2.38.552522 (437e6fbedfa8762dec75e2c5b3ddb86763dc9dcb), userDataDir=C:\Users\RAVIKA~1\AppData\Local\Temp\scoped_dir14620_22483}, takesHeapSnapshot=true, pageLoadStrategy=normal, databaseEnabled=false, handlesAlerts=true, hasTouchScreen=false, version=66.0.3359.181, platform=XP, browserConnectionEnabled=false, nativeEvents=true, acceptSslCerts=false, acceptInsecureCerts=false, locationContextEnabled=true, webStorageEnabled=true, browserName=chrome, takesScreenshot=true, javascriptEnabled=true, cssSelectorsEnabled=true, setWindowRect=true, unexpectedAlertBehaviour=}]Session ID: f7c89b6ce75d76272fd8d395c136612a*** Element info: {Using=xpath, value=//*[@id='order-detail-content']/table/tbody/tr[1]/td[2]/label}]]>
            </message>
            <full-stacktrace>
              <![CDATA[org.openqa.selenium.NoSuchElementException: no such element: Unable to locate element: {"method":"xpath","selector":"//*[@id='order-detail-content']/table/tbody/tr[1]/td[2]/label"}  (Session info: chrome=66.0.3359.181)  (Driver info: chromedriver=2.38.552522 (437e6fbedfa8762dec75e2c5b3ddb86763dc9dcb),platform=Windows NT 10.0.16299 x86_64) (WARNING: The server did not provide any stacktrace information)Command duration or timeout: 19 millisecondsFor documentation on this error, please visit: http://seleniumhq.org/exceptions/no_such_element.htmlBuild info: version: '2.53.1', revision: 'a36b8b1cd5757287168e54b817830adce9b0158d', time: '2016-06-30 19:26:09'System info: host: 'DESKTOP-2PVPGVB', ip: '192.168.37.1', os.name: 'Windows 10', os.arch: 'amd64', os.version: '10.0', java.version: '1.8.0_162'Driver info: org.openqa.selenium.chrome.ChromeDriverCapabilities [{applicationCacheEnabled=false, rotatable=false, mobileEmulationEnabled=false, networkConnectionEnabled=false, chrome={chromedriverVersion=2.38.552522 (437e6fbedfa8762dec75e2c5b3ddb86763dc9dcb), userDataDir=C:\Users\RAVIKA~1\AppData\Local\Temp\scoped_dir14620_22483}, takesHeapSnapshot=true, pageLoadStrategy=normal, databaseEnabled=false, handlesAlerts=true, hasTouchScreen=false, version=66.0.3359.181, platform=XP, browserConnectionEnabled=false, nativeEvents=true, acceptSslCerts=false, acceptInsecureCerts=false, locationContextEnabled=true, webStorageEnabled=true, browserName=chrome, takesScreenshot=true, javascriptEnabled=true, cssSelectorsEnabled=true, setWindowRect=true, unexpectedAlertBehaviour=}]Session ID: f7c89b6ce75d76272fd8d395c136612a*** Element info: {Using=xpath, value=//*[@id='order-detail-content']/table/tbody/tr[1]/td[2]/label}at sun.reflect.NativeConstructorAccessorImpl.newInstance0(Native Method)at sun.reflect.NativeConstructorAccessorImpl.newInstance(NativeConstructorAccessorImpl.java:62)at sun.reflect.DelegatingConstructorAccessorImpl.newInstance(DelegatingConstructorAccessorImpl.java:45)at java.lang.reflect.Constructor.newInstance(Constructor.java:423)at org.openqa.selenium.remote.ErrorHandler.createThrowable(ErrorHandler.java:206)at org.openqa.selenium.remote.ErrorHandler.throwIfResponseFailed(ErrorHandler.java:158)at org.openqa.selenium.remote.RemoteWebDriver.execute(RemoteWebDriver.java:678)at org.openqa.selenium.remote.RemoteWebDriver.findElement(RemoteWebDriver.java:363)at org.openqa.selenium.remote.RemoteWebDriver.findElementByXPath(RemoteWebDriver.java:500)at org.openqa.selenium.By$ByXPath.findElement(By.java:361)at org.openqa.selenium.remote.RemoteWebDriver.findElement(RemoteWebDriver.java:355)at com.automation.AutomationPractice.TC002_PreviousOrders.previousOrdersList(TC002_PreviousOrders.java:60)at sun.reflect.NativeMethodAccessorImpl.invoke0(Native Method)at sun.reflect.NativeMethodAccessorImpl.invoke(NativeMethodAccessorImpl.java:62)at sun.reflect.DelegatingMethodAccessorImpl.invoke(DelegatingMethodAccessorImpl.java:43)at java.lang.reflect.Method.invoke(Method.java:498)at org.testng.internal.MethodInvocationHelper.invokeMethod(MethodInvocationHelper.java:124)at org.testng.internal.Invoker.invokeMethod(Invoker.java:571)at org.testng.internal.Invoker.retryFailed(Invoker.java:829)at org.testng.internal.Invoker.invokeTestMethods(Invoker.java:1000)at org.testng.internal.TestMethodWorker.invokeTestMethods(TestMethodWorker.java:125)at org.testng.internal.TestMethodWorker.run(TestMethodWorker.java:109)at org.testng.TestRunner.privateRun(TestRunner.java:648)at org.testng.TestRunner.run(TestRunner.java:505)at org.testng.SuiteRunner.runTest(SuiteRunner.java:455)at org.testng.SuiteRunner.runSequentially(SuiteRunner.java:450)at org.testng.SuiteRunner.privateRun(SuiteRunner.java:415)at org.testng.SuiteRunner.run(SuiteRunner.java:364)at org.testng.SuiteRunnerWorker.runSuite(SuiteRunnerWorker.java:52)at org.testng.SuiteRunnerWorker.run(SuiteRunnerWorker.java:84)at org.testng.TestNG.runSuitesSequentially(TestNG.java:1187)at org.testng.TestNG.runSuitesLocally(TestNG.java:1116)at org.testng.TestNG.runSuites(TestNG.java:1028)at org.testng.TestNG.run(TestNG.java:996)at org.testng.remote.AbstractRemoteTestNG.run(AbstractRemoteTestNG.java:114)at org.testng.remote.RemoteTestNG.initAndRun(RemoteTestNG.java:251)at org.testng.remote.RemoteTestNG.main(RemoteTestNG.java:77)]]>
            </full-stacktrace>
          </exception> <!-- org.openqa.selenium.NoSuchElementException -->
          <reporter-output>
            <line>
              <![CDATA[Test started Running:previousOrdersList]]>
            </line>
            <line>
              <![CDATA[<a href='C:\Users\Ravi Kanth\git\selenium\AutomationPractice\src\main\java\com\automation\AutomationPractice\failure_screenshots\previousOrdersList_20_05_2018_06_34_26.png'> <img src='C:\Users\Ravi Kanth\git\selenium\AutomationPractice\src\main\java\com\automation\AutomationPractice\failure_screenshots\previousOrdersList_20_05_2018_06_34_26.png' height='100' width='100'/> </a>]]>
            </line>
          </reporter-output>
        </test-method> <!-- previousOrdersList -->
        <test-method status="PASS" signature="tearDown(org.testng.ITestResult)[pri:0, instance:com.automation.AutomationPractice.TC002_PreviousOrders@43a0cee9]" name="tearDown" is-config="true" duration-ms="371" started-at="2018-05-20T18:34:27Z" finished-at="2018-05-20T18:34:27Z">
          <params>
            <param index="0">
              <value>
                <![CDATA[[TestResult name=previousOrdersList status=FAILURE method=TC002_PreviousOrders.previousOrdersList()[pri:0, instance:com.automation.AutomationPractice.TC002_PreviousOrders@43a0cee9] output=Test started Running:previousOrdersList]]]>
              </value>
            </param>
          </params>
          <reporter-output>
          </reporter-output>
        </test-method> <!-- tearDown -->
        <test-method status="PASS" signature="endProcess()[pri:0, instance:com.automation.AutomationPractice.TC002_PreviousOrders@43a0cee9]" name="endProcess" is-config="true" duration-ms="551" started-at="2018-05-20T18:34:27Z" finished-at="2018-05-20T18:34:28Z">
          <reporter-output>
          </reporter-output>
        </test-method> <!-- endProcess -->
        <test-method status="PASS" signature="endReport()[pri:0, instance:com.automation.AutomationPractice.TC002_PreviousOrders@43a0cee9]" name="endReport" is-config="true" duration-ms="268" started-at="2018-05-20T18:34:28Z" finished-at="2018-05-20T18:34:28Z">
          <reporter-output>
          </reporter-output>
        </test-method> <!-- endReport -->
      </class> <!-- com.automation.AutomationPractice.TC002_PreviousOrders -->
    </test> <!-- Previous -->
  </suite> <!-- RegressionSuite -->
</testng-results>
