<?xml version="1.0" encoding="UTF-8"?>
<!-- Generated by org.testng.reporters.JUnitXMLReporter -->
<testsuite hostname="DESKTOP-2PVPGVB" ignored="0" name="Default test" tests="2" failures="0" timestamp="16 May 2018 14:27:45 GMT" time="74.775" errors="0">
  <testcase name="customerLogin" time="8.488" classname="com.automation.AutomationPractice.TC001_PurchaseTwoItems"/>
  <testcase name="purchaseTwoItems" time="0.002" classname="com.automation.AutomationPractice.TC001_PurchaseTwoItems"/>
</testsuite> <!-- Default test -->
