<?xml version="1.0" encoding="UTF-8"?>
<!-- Generated by org.testng.reporters.JUnitXMLReporter -->
<testsuite hostname="DESKTOP-2PVPGVB" ignored="0" name="ChromeTest" tests="2" failures="0" timestamp="16 May 2018 16:24:00 GMT" time="26.8" errors="0">
  <testcase name="customerLogin" time="7.7" classname="com.automation.AutomationPractice.TC001_PurchaseTwoItems"/>
  <testcase name="purchaseTwoItems" time="0.001" classname="com.automation.AutomationPractice.TC001_PurchaseTwoItems"/>
</testsuite> <!-- ChromeTest -->
