<?xml version="1.0" encoding="UTF-8"?>
<!-- Generated by org.testng.reporters.JUnitXMLReporter -->
<testsuite hostname="Suuresh-PC" ignored="0" name="ChromeTest" tests="2" failures="0" timestamp="16 May 2018 20:13:31 GMT" time="45.156" errors="0">
  <testcase name="customerLogin" time="9.117" classname="com.automation.AutomationPractice.TC001_PurchaseTwoItems"/>
  <testcase name="purchaseTwoItems" time="22.199" classname="com.automation.AutomationPractice.TC001_PurchaseTwoItems"/>
</testsuite> <!-- ChromeTest -->
