<?xml version="1.0" encoding="UTF-8"?>
<!-- Generated by org.testng.reporters.JUnitXMLReporter -->
<testsuite hostname="DESKTOP-2PVPGVB" ignored="0" name="Purchase" tests="2" failures="0" timestamp="20 May 2018 13:03:46 GMT" time="58.781" errors="0">
  <testcase name="customerLogin" time="8.256" classname="com.automation.AutomationPractice.TC001_PurchaseTwoItems"/>
  <testcase name="purchaseTwoItems" time="30.469" classname="com.automation.AutomationPractice.TC001_PurchaseTwoItems"/>
</testsuite> <!-- Purchase -->
