<?xml version="1.0" encoding="UTF-8"?>
<testng-results skipped="0" failed="0" ignored="0" total="2" passed="2">
  <reporter-output>
    <line>
      <![CDATA[Test started Running:customerLogin]]>
    </line>
    <line>
      <![CDATA[Clicked On SignIn LinkUsing with Object[[ChromeDriver: chrome on XP (c14c41f2956d98f79536da2c19ee71f3)] -> link text: Sign in]]]>
    </line>
    <line>
      <![CDATA[Entered Email Addressusing with Object[[ChromeDriver: chrome on XP (c14c41f2956d98f79536da2c19ee71f3)] -> id: email]]]>
    </line>
    <line>
      <![CDATA[Entered Password using with Object [[ChromeDriver: chrome on XP (c14c41f2956d98f79536da2c19ee71f3)] -> id: passwd]]]>
    </line>
    <line>
      <![CDATA[Clicked on SubmitButton using with Object Proxy element for: DefaultElementLocator 'By.id: SubmitLogin']]>
    </line>
    <line>
      <![CDATA[Verified Account details using with Object [[ChromeDriver: chrome on XP (c14c41f2956d98f79536da2c19ee71f3)] -> xpath: //h1[text()='My account']]]]>
    </line>
    <line>
      <![CDATA[Clicked on Home Linkusing with Object Proxy element for: DefaultElementLocator 'By.xpath: //a[@title='Return to Home']']]>
    </line>
    <line>
      <![CDATA[Test is success:customerLogin]]>
    </line>
    <line>
      <![CDATA[<a href='C:\Users\Suuresh\git\selenium\AutomationPractice\src\main\java\com\automation\AutomationPractice\success_screenshots\customerLogin_18_05_2018_07_17_41.png'> <img src='C:\Users\Suuresh\git\selenium\AutomationPractice\src\main\java\com\automation\AutomationPractice\success_screenshots\customerLogin_18_05_2018_07_17_41.png' height='100' width='100'/> </a>]]>
    </line>
    <line>
      <![CDATA[Test started Running:purchaseTwoItems]]>
    </line>
    <line>
      <![CDATA[Test is success:purchaseTwoItems]]>
    </line>
    <line>
      <![CDATA[<a href='C:\Users\Suuresh\git\selenium\AutomationPractice\src\main\java\com\automation\AutomationPractice\success_screenshots\purchaseTwoItems_18_05_2018_07_17_57.png'> <img src='C:\Users\Suuresh\git\selenium\AutomationPractice\src\main\java\com\automation\AutomationPractice\success_screenshots\purchaseTwoItems_18_05_2018_07_17_57.png' height='100' width='100'/> </a>]]>
    </line>
  </reporter-output>
  <suite name="RegressionSuite" duration-ms="33561" started-at="2018-05-18T01:47:24Z" finished-at="2018-05-18T01:47:57Z">
    <groups>
    </groups>
    <test name="ChromeTest" duration-ms="33561" started-at="2018-05-18T01:47:24Z" finished-at="2018-05-18T01:47:57Z">
      <class name="com.automation.AutomationPractice.TC001_PurchaseTwoItems">
        <test-method status="PASS" signature="startReport()[pri:0, instance:com.automation.AutomationPractice.TC001_PurchaseTwoItems@6321e813]" name="startReport" is-config="true" duration-ms="253" started-at="2018-05-18T01:47:24Z" finished-at="2018-05-18T01:47:24Z">
          <reporter-output>
          </reporter-output>
        </test-method> <!-- startReport -->
        <test-method status="PASS" signature="startProcess(java.lang.String)[pri:0, instance:com.automation.AutomationPractice.TC001_PurchaseTwoItems@6321e813]" name="startProcess" is-config="true" duration-ms="11089" started-at="2018-05-18T01:47:24Z" finished-at="2018-05-18T01:47:35Z">
          <params>
            <param index="0">
              <value>
                <![CDATA[chrome]]>
              </value>
            </param>
          </params>
          <reporter-output>
          </reporter-output>
        </test-method> <!-- startProcess -->
        <test-method status="PASS" signature="customerLogin()[pri:0, instance:com.automation.AutomationPractice.TC001_PurchaseTwoItems@6321e813]" name="customerLogin" duration-ms="6236" started-at="2018-05-18T01:47:35Z" finished-at="2018-05-18T01:47:41Z">
          <reporter-output>
            <line>
              <![CDATA[Test started Running:customerLogin]]>
            </line>
            <line>
              <![CDATA[Clicked On SignIn LinkUsing with Object[[ChromeDriver: chrome on XP (c14c41f2956d98f79536da2c19ee71f3)] -> link text: Sign in]]]>
            </line>
            <line>
              <![CDATA[Entered Email Addressusing with Object[[ChromeDriver: chrome on XP (c14c41f2956d98f79536da2c19ee71f3)] -> id: email]]]>
            </line>
            <line>
              <![CDATA[Entered Password using with Object [[ChromeDriver: chrome on XP (c14c41f2956d98f79536da2c19ee71f3)] -> id: passwd]]]>
            </line>
            <line>
              <![CDATA[Clicked on SubmitButton using with Object Proxy element for: DefaultElementLocator 'By.id: SubmitLogin']]>
            </line>
            <line>
              <![CDATA[Verified Account details using with Object [[ChromeDriver: chrome on XP (c14c41f2956d98f79536da2c19ee71f3)] -> xpath: //h1[text()='My account']]]]>
            </line>
            <line>
              <![CDATA[Clicked on Home Linkusing with Object Proxy element for: DefaultElementLocator 'By.xpath: //a[@title='Return to Home']']]>
            </line>
            <line>
              <![CDATA[Test is success:customerLogin]]>
            </line>
            <line>
              <![CDATA[<a href='C:\Users\Suuresh\git\selenium\AutomationPractice\src\main\java\com\automation\AutomationPractice\success_screenshots\customerLogin_18_05_2018_07_17_41.png'> <img src='C:\Users\Suuresh\git\selenium\AutomationPractice\src\main\java\com\automation\AutomationPractice\success_screenshots\customerLogin_18_05_2018_07_17_41.png' height='100' width='100'/> </a>]]>
            </line>
          </reporter-output>
        </test-method> <!-- customerLogin -->
        <test-method status="PASS" signature="tearDown(org.testng.ITestResult)[pri:0, instance:com.automation.AutomationPractice.TC001_PurchaseTwoItems@6321e813]" name="tearDown" is-config="true" duration-ms="11" started-at="2018-05-18T01:47:42Z" finished-at="2018-05-18T01:47:42Z">
          <params>
            <param index="0">
              <value>
                <![CDATA[[TestResult name=customerLogin status=SUCCESS method=TC001_PurchaseTwoItems.customerLogin()[pri:0, instance:com.automation.AutomationPractice.TC001_PurchaseTwoItems@6321e813] output=Test started Running:customerLogin]]]>
              </value>
            </param>
          </params>
          <reporter-output>
          </reporter-output>
        </test-method> <!-- tearDown -->
        <test-method status="PASS" signature="purchaseTwoItems()[pri:1, instance:com.automation.AutomationPractice.TC001_PurchaseTwoItems@6321e813]" name="purchaseTwoItems" duration-ms="14643" started-at="2018-05-18T01:47:42Z" finished-at="2018-05-18T01:47:57Z">
          <reporter-output>
            <line>
              <![CDATA[Test started Running:purchaseTwoItems]]>
            </line>
            <line>
              <![CDATA[Test is success:purchaseTwoItems]]>
            </line>
            <line>
              <![CDATA[<a href='C:\Users\Suuresh\git\selenium\AutomationPractice\src\main\java\com\automation\AutomationPractice\success_screenshots\purchaseTwoItems_18_05_2018_07_17_57.png'> <img src='C:\Users\Suuresh\git\selenium\AutomationPractice\src\main\java\com\automation\AutomationPractice\success_screenshots\purchaseTwoItems_18_05_2018_07_17_57.png' height='100' width='100'/> </a>]]>
            </line>
          </reporter-output>
        </test-method> <!-- purchaseTwoItems -->
        <test-method status="PASS" signature="tearDown(org.testng.ITestResult)[pri:0, instance:com.automation.AutomationPractice.TC001_PurchaseTwoItems@6321e813]" name="tearDown" is-config="true" duration-ms="1" started-at="2018-05-18T01:47:57Z" finished-at="2018-05-18T01:47:57Z">
          <params>
            <param index="0">
              <value>
                <![CDATA[[TestResult name=purchaseTwoItems status=SUCCESS method=TC001_PurchaseTwoItems.purchaseTwoItems()[pri:1, instance:com.automation.AutomationPractice.TC001_PurchaseTwoItems@6321e813] output=Test started Running:purchaseTwoItems]]]>
              </value>
            </param>
          </params>
          <reporter-output>
          </reporter-output>
        </test-method> <!-- tearDown -->
        <test-method status="PASS" signature="endProcess()[pri:0, instance:com.automation.AutomationPractice.TC001_PurchaseTwoItems@6321e813]" name="endProcess" is-config="true" duration-ms="0" started-at="2018-05-18T01:47:57Z" finished-at="2018-05-18T01:47:57Z">
          <reporter-output>
          </reporter-output>
        </test-method> <!-- endProcess -->
        <test-method status="PASS" signature="endReport()[pri:0, instance:com.automation.AutomationPractice.TC001_PurchaseTwoItems@6321e813]" name="endReport" is-config="true" duration-ms="354" started-at="2018-05-18T01:47:57Z" finished-at="2018-05-18T01:47:57Z">
          <reporter-output>
          </reporter-output>
        </test-method> <!-- endReport -->
      </class> <!-- com.automation.AutomationPractice.TC001_PurchaseTwoItems -->
    </test> <!-- ChromeTest -->
  </suite> <!-- RegressionSuite -->
</testng-results>
