<?xml version="1.0" encoding="UTF-8"?>
<testsuite xmlns:xsi="http://www.w3.org/2001/XMLSchema-instance" xsi:schemaLocation="https://maven.apache.org/surefire/maven-surefire-plugin/xsd/surefire-test-report.xsd" name="TestSuite" time="27.018" tests="4" errors="0" skipped="2" failures="1">
  <properties>
[...]
</properties>
  <testcase name="customerLogin" classname="com.automation.AutomationPractice.TC001_PurchaseTwoItems" time="10.831"/>
  <testcase name="purchaseTwoItems" classname="com.automation.AutomationPractice.TC001_PurchaseTwoItems" time="0">
    <skipped message="java.util.ArrayList cannot be cast to org.openqa.selenium.WebElement"/>
    <system-out><![CDATA[14
]]></system-out>
  </testcase>
  <testcase name="purchaseTwoItems" classname="com.automation.AutomationPractice.TC001_PurchaseTwoItems" time="0">
    <skipped message="java.util.ArrayList cannot be cast to org.openqa.selenium.WebElement"/>
    <system-out><![CDATA[14
]]></system-out>
  </testcase>
  <testcase name="purchaseTwoItems" classname="com.automation.AutomationPractice.TC001_PurchaseTwoItems" time="1.047">
    <failure message="java.util.ArrayList cannot be cast to org.openqa.selenium.WebElement" type="java.lang.ClassCastException">java.lang.ClassCastException: java.util.ArrayList cannot be cast to org.openqa.selenium.WebElement
	at com.automation.AutomationPractice.TC001_PurchaseTwoItems.purchaseTwoItems(TC001_PurchaseTwoItems.java:38)
</failure>
    <system-out><![CDATA[14
]]></system-out>
  </testcase>
</testsuite>